<?xml version="1.0" encoding="UTF-8"?>
<!-- Generated by org.testng.reporters.JUnitReportReporter -->
<testsuite hostname="DEL1-LHP-N01470" name="test.api.verifyDealerAuthReq" tests="8" failures="0" timestamp="19 May 2018 17:54:04 GMT" time="6.785" errors="0">
  <testcase name="testBlankuserNameRequest" time="0.507" classname="test.api.verifyDealerAuthReq"/>
  <testcase name="testInvaliaccountNumberRequest" time="0.507" classname="test.api.verifyDealerAuthReq"/>
  <testcase name="testBlankDealerRequest" time="0.515" classname="test.api.verifyDealerAuthReq"/>
  <testcase name="testBlankpasswordRequest" time="0.529" classname="test.api.verifyDealerAuthReq"/>
  <testcase name="testBlankaccountNumberRequest" time="1.531" classname="test.api.verifyDealerAuthReq"/>
  <testcase name="testInvalidDealerIDRequest" time="0.498" classname="test.api.verifyDealerAuthReq"/>
  <testcase name="testValidDealerRequest" time="2.200" classname="test.api.verifyDealerAuthReq"/>
  <testcase name="testBlankFieldsRequest" time="0.498" classname="test.api.verifyDealerAuthReq"/>
</testsuite> <!-- test.api.verifyDealerAuthReq -->
