<?xml version="1.0" encoding="UTF-8"?>
<!-- Generated by org.testng.reporters.JUnitReportReporter -->
<testsuite hostname="DEL1-DHP-27496" name="test.api.verifyDealerAuthReq2" tests="1" failures="0" timestamp="17 Apr 2018 08:48:16 GMT" time="2.708" errors="0">
  <testcase name="testValidDealerRequest2" time="2.708" classname="test.api.verifyDealerAuthReq2"/>
</testsuite> <!-- test.api.verifyDealerAuthReq2 -->
