<?xml version="1.0" encoding="UTF-8"?>
<!-- Generated by org.testng.reporters.JUnitReportReporter -->
<testsuite hostname="DEL1-LHP-N01469" name="test.ui.Gnoss.VerifyGnossLoginLogout" tests="2" failures="0" timestamp="9 Jul 2018 06:56:44 GMT" time="91.633" errors="0">
  <testcase name="verifyLoginGnoss" time="37.989" classname="test.ui.Gnoss.VerifyGnossLoginLogout"/>
  <testcase name="verifyLogoutGnoss" time="53.644" classname="test.ui.Gnoss.VerifyGnossLoginLogout"/>
</testsuite> <!-- test.ui.Gnoss.VerifyGnossLoginLogout -->
