<?xml version="1.0" encoding="UTF-8"?>
<!-- Generated by org.testng.reporters.JUnitReportReporter -->
<testsuite hostname="DEL1-LHP-N01469" name="test.ui.Gnoss.VerifyGnossPricingPage" tests="1" failures="0" timestamp="9 Jul 2018 06:56:44 GMT" time="62.725" errors="0">
  <testcase name="verifyPricingProfile" time="62.725" classname="test.ui.Gnoss.VerifyGnossPricingPage"/>
</testsuite> <!-- test.ui.Gnoss.VerifyGnossPricingPage -->
