<?xml version="1.0" encoding="UTF-8"?>
<!-- Generated by org.testng.reporters.JUnitReportReporter -->
<testsuite hostname="DEL1-DHP-27496" name="testcases.verifyHomePage" tests="1" failures="0" timestamp="2 Apr 2018 10:51:01 GMT" time="28.437" errors="0">
  <testcase name="testHomePage" time="28.437" classname="testcases.verifyHomePage"/>
</testsuite> <!-- testcases.verifyHomePage -->
