<?xml version="1.0" encoding="UTF-8"?>
<!-- Generated by org.testng.reporters.JUnitReportReporter -->
<testsuite hostname="DEL1-LHP-N01469" name="test.ui.navision.A" tests="1" failures="0" timestamp="8 Jun 2018 09:08:36 GMT" time="0.876" errors="0">
  <testcase name="parallelClass1TestResultMustEqualWarning" time="0.876" classname="test.ui.navision.A"/>
</testsuite> <!-- test.ui.navision.A -->
