<?xml version="1.0" encoding="UTF-8"?>
<!-- Generated by org.testng.reporters.JUnitReportReporter -->
<testsuite hostname="DEL1-LHP-N01470" name="test.ui.navision.VerifyNavDealerPageSecond" tests="8" failures="0" timestamp="13 Jun 2018 06:39:36 GMT" time="61.064" errors="0">
  <testcase name="Verify_Edit_New_Postcode" time="11.690" classname="test.ui.navision.VerifyNavDealerPageSecond"/>
  <testcase name="Verify_Communication_FieldsofDealer" time="0.097" classname="test.ui.navision.VerifyNavDealerPageSecond"/>
  <testcase name="Verify_Delete_New_Language" time="6.379" classname="test.ui.navision.VerifyNavDealerPageSecond"/>
  <testcase name="Verify_Delete_New_Postcode" time="3.255" classname="test.ui.navision.VerifyNavDealerPageSecond"/>
  <testcase name="Verify_Valid_Data_From_CSV" time="4.192" classname="test.ui.navision.VerifyNavDealerPageSecond"/>
  <testcase name="Verify_Edit_New_Language" time="8.393" classname="test.ui.navision.VerifyNavDealerPageSecond"/>
  <testcase name="Verify_Create_New_Language" time="8.049" classname="test.ui.navision.VerifyNavDealerPageSecond"/>
  <testcase name="Verify_New_Postcode" time="19.009" classname="test.ui.navision.VerifyNavDealerPageSecond"/>
</testsuite> <!-- test.ui.navision.VerifyNavDealerPageSecond -->
