<?xml version="1.0" encoding="UTF-8"?>
<!-- Generated by org.testng.reporters.JUnitReportReporter -->
<testsuite hostname="DEL1-LHP-N01469" name="test.ui.navision.VerifyNavDealerSettings" tests="1" failures="0" timestamp="3 Jul 2018 07:53:10 GMT" time="25.326" errors="0">
  <testcase name="navDealerLogout" time="25.326" classname="test.ui.navision.VerifyNavDealerSettings"/>
</testsuite> <!-- test.ui.navision.VerifyNavDealerSettings -->
