<?xml version="1.0" encoding="UTF-8"?>
<!-- Generated by org.testng.reporters.JUnitReportReporter -->
<testsuite hostname="DEL1-LHP-N01469" name="test.ui.Gnoss.VerifyGnossHomePage" tests="3" failures="0" timestamp="9 Jul 2018 06:56:44 GMT" time="73.913" errors="0">
  <testcase name="searchProduct" time="70.684" classname="test.ui.Gnoss.VerifyGnossHomePage"/>
  <testcase name="verifyCategories" time="0.940" classname="test.ui.Gnoss.VerifyGnossHomePage"/>
  <testcase name="verifyLanguage" time="2.289" classname="test.ui.Gnoss.VerifyGnossHomePage"/>
</testsuite> <!-- test.ui.Gnoss.VerifyGnossHomePage -->
