<?xml version="1.0" encoding="UTF-8"?>
<!-- Generated by org.testng.reporters.JUnitReportReporter -->
<testsuite hostname="DEL1-LHP-N01469" name="test.ui.navision.VerifyCustomertab" tests="4" failures="0" timestamp="19 Jun 2018 10:19:05 GMT" time="71.108" errors="0">
  <testcase name="addnewShiptoaddresDetails" time="11.489" classname="test.ui.navision.VerifyCustomertab"/>
  <testcase name="validategeneraldetails" time="10.908" classname="test.ui.navision.VerifyCustomertab"/>
  <testcase name="deleteShiptoaddresDetails" time="44.363" classname="test.ui.navision.VerifyCustomertab"/>
  <testcase name="editShiptoaddresDetails" time="4.348" classname="test.ui.navision.VerifyCustomertab"/>
</testsuite> <!-- test.ui.navision.VerifyCustomertab -->
