<?xml version="1.0" encoding="UTF-8"?>
<!-- Generated by org.testng.reporters.JUnitReportReporter -->
<testsuite hostname="DEL1-LHP-N01469" name="test.ui.Gnoss.VerifyGnossProductsPage" tests="7" failures="0" timestamp="9 Jul 2018 06:56:44 GMT" time="212.617" errors="0">
  <testcase name="verifyFacetSeller" time="28.102" classname="test.ui.Gnoss.VerifyGnossProductsPage"/>
  <testcase name="verifyFacetAdveoCode" time="109.265" classname="test.ui.Gnoss.VerifyGnossProductsPage"/>
  <testcase name="verifyFacetGTIN" time="6.556" classname="test.ui.Gnoss.VerifyGnossProductsPage"/>
  <testcase name="verifyFacetRatings" time="7.113" classname="test.ui.Gnoss.VerifyGnossProductsPage"/>
  <testcase name="verifyProductstab" time="19.705" classname="test.ui.Gnoss.VerifyGnossProductsPage"/>
  <testcase name="verifyFacetProductsWithEditedPrice" time="20.658" classname="test.ui.Gnoss.VerifyGnossProductsPage"/>
  <testcase name="verifyFacetsNumOfReviews" time="21.218" classname="test.ui.Gnoss.VerifyGnossProductsPage"/>
</testsuite> <!-- test.ui.Gnoss.VerifyGnossProductsPage -->
