<?xml version="1.0" encoding="UTF-8"?>
<!-- Generated by org.testng.reporters.JUnitReportReporter -->
<testsuite hostname="DEL1-LHP-N01469" name="test.ui.verifyCustomerDetails" tests="1" failures="0" timestamp="15 May 2018 09:05:50 GMT" time="12.092" errors="0">
  <testcase name="valid_TestCase" time="12.092" classname="test.ui.verifyCustomerDetails"/>
</testsuite> <!-- test.ui.verifyCustomerDetails -->
